<?xml version="1.0" encoding="UTF-8"?>
<!-- Generated by org.testng.reporters.JUnitXMLReporter -->
<testsuite ignored="0" hostname="LAPTOP-AG516FS1" failures="0" tests="2" name="Default test" time="13.211" errors="0" timestamp="2022-01-25T15:04:42 IST">
  <testcase classname="insuranceMotorcycle.EndToEndTest_Motorcycle" name="EnterInsurantDataFields" time="0.009"/>
  <testcase classname="insuranceMotorcycle.EndToEndTest_Motorcycle" name="userSearch" time="8.95"/>
</testsuite> <!-- Default test -->
