<?xml version="1.0" encoding="UTF-8"?>
<testng-results ignored="0" total="2" passed="2" failed="0" skipped="0">
  <reporter-output>
  </reporter-output>
  <suite started-at="2021-09-20T22:04:58 IST" name="Demo Web App test suite" finished-at="2021-09-20T22:05:22 IST" duration-ms="23416">
    <groups>
    </groups>
    <test started-at="2021-09-20T22:04:58 IST" name="LoginTests" finished-at="2021-09-20T22:05:22 IST" duration-ms="23416">
      <class name="Tests.LoginandAddToCart">
        <test-method is-config="true" signature="launchBrowser()[pri:0, instance:Tests.LoginandAddToCart@d86a6f]" started-at="2021-09-20T22:04:58 IST" name="launchBrowser" finished-at="2021-09-20T22:05:03 IST" duration-ms="4959" status="PASS">
          <reporter-output>
          </reporter-output>
        </test-method> <!-- launchBrowser -->
        <test-method signature="Logintest()[pri:0, instance:Tests.LoginandAddToCart@d86a6f]" started-at="2021-09-20T22:05:03 IST" name="Logintest" finished-at="2021-09-20T22:05:13 IST" duration-ms="9503" status="PASS">
          <reporter-output>
          </reporter-output>
        </test-method> <!-- Logintest -->
        <test-method signature="HomePageTest()[pri:1, instance:Tests.LoginandAddToCart@d86a6f]" started-at="2021-09-20T22:05:13 IST" name="HomePageTest" finished-at="2021-09-20T22:05:22 IST" duration-ms="8696" status="PASS">
          <reporter-output>
          </reporter-output>
        </test-method> <!-- HomePageTest -->
      </class> <!-- Tests.LoginandAddToCart -->
    </test> <!-- LoginTests -->
  </suite> <!-- Demo Web App test suite -->
</testng-results>
