<?xml version="1.0" encoding="UTF-8"?>
<testng-results ignored="0" total="2" passed="2" failed="0" skipped="0">
  <reporter-output>
  </reporter-output>
  <suite started-at="2022-01-25T15:04:29 IST" name="Default suite" finished-at="2022-01-25T15:04:42 IST" duration-ms="13211">
    <groups>
    </groups>
    <test started-at="2022-01-25T15:04:29 IST" name="Default test" finished-at="2022-01-25T15:04:42 IST" duration-ms="13211">
      <class name="insuranceMotorcycle.EndToEndTest_Motorcycle">
        <test-method is-config="true" signature="launchBrowserNavigate()[pri:0, instance:insuranceMotorcycle.EndToEndTest_Motorcycle@6283d8b8]" started-at="2022-01-25T15:04:29 IST" name="launchBrowserNavigate" finished-at="2022-01-25T15:04:33 IST" duration-ms="4227" status="PASS">
          <reporter-output>
          </reporter-output>
        </test-method> <!-- launchBrowserNavigate -->
        <test-method signature="EnterInsurantDataFields()[pri:0, instance:insuranceMotorcycle.EndToEndTest_Motorcycle@6283d8b8]" started-at="2022-01-25T15:04:33 IST" name="EnterInsurantDataFields" finished-at="2022-01-25T15:04:33 IST" duration-ms="9" status="PASS">
          <reporter-output>
          </reporter-output>
        </test-method> <!-- EnterInsurantDataFields -->
        <test-method signature="userSearch()[pri:0, instance:insuranceMotorcycle.EndToEndTest_Motorcycle@6283d8b8]" started-at="2022-01-25T15:04:33 IST" name="userSearch" finished-at="2022-01-25T15:04:42 IST" duration-ms="8950" status="PASS">
          <reporter-output>
          </reporter-output>
        </test-method> <!-- userSearch -->
        <test-method is-config="true" signature="closeBrowser()[pri:0, instance:insuranceMotorcycle.EndToEndTest_Motorcycle@6283d8b8]" started-at="2022-01-25T15:04:42 IST" name="closeBrowser" finished-at="2022-01-25T15:04:42 IST" duration-ms="0" status="PASS">
          <reporter-output>
          </reporter-output>
        </test-method> <!-- closeBrowser -->
      </class> <!-- insuranceMotorcycle.EndToEndTest_Motorcycle -->
    </test> <!-- Default test -->
  </suite> <!-- Default suite -->
</testng-results>
