<?xml version="1.0" encoding="UTF-8"?>
<!-- Generated by org.testng.reporters.JUnitXMLReporter -->
<testsuite ignored="0" hostname="LAPTOP-AG516FS1" failures="0" tests="2" name="Default test" time="5.727" errors="0" timestamp="2022-01-25T14:25:46 IST">
  <testcase classname="insuranceMotorcycle.EndToEndTest_Motorcycle" name="EnterInsurantDataFields" time="0.011"/>
  <testcase classname="insuranceMotorcycle.EndToEndTest_Motorcycle" name="insuranceCalculate" time="2.362"/>
</testsuite> <!-- Default test -->
