<?xml version="1.0" encoding="UTF-8"?>
<testng-results ignored="0" total="2" passed="2" failed="0" skipped="0">
  <reporter-output>
  </reporter-output>
  <suite started-at="2022-01-25T14:25:40 IST" name="Default suite" finished-at="2022-01-25T14:25:46 IST" duration-ms="5727">
    <groups>
    </groups>
    <test started-at="2022-01-25T14:25:40 IST" name="Default test" finished-at="2022-01-25T14:25:46 IST" duration-ms="5727">
      <class name="insuranceMotorcycle.EndToEndTest_Motorcycle">
        <test-method is-config="true" signature="launchBrowserNavigate()[pri:0, instance:insuranceMotorcycle.EndToEndTest_Motorcycle@22ef9844]" started-at="2022-01-25T14:25:40 IST" name="launchBrowserNavigate" finished-at="2022-01-25T14:25:43 IST" duration-ms="3197" status="PASS">
          <reporter-output>
          </reporter-output>
        </test-method> <!-- launchBrowserNavigate -->
        <test-method signature="EnterInsurantDataFields()[pri:0, instance:insuranceMotorcycle.EndToEndTest_Motorcycle@22ef9844]" started-at="2022-01-25T14:25:43 IST" name="EnterInsurantDataFields" finished-at="2022-01-25T14:25:43 IST" duration-ms="11" status="PASS">
          <reporter-output>
          </reporter-output>
        </test-method> <!-- EnterInsurantDataFields -->
        <test-method signature="insuranceCalculate()[pri:0, instance:insuranceMotorcycle.EndToEndTest_Motorcycle@22ef9844]" started-at="2022-01-25T14:25:43 IST" name="insuranceCalculate" finished-at="2022-01-25T14:25:45 IST" duration-ms="2362" status="PASS">
          <reporter-output>
          </reporter-output>
        </test-method> <!-- insuranceCalculate -->
        <test-method is-config="true" signature="closeBrowser()[pri:0, instance:insuranceMotorcycle.EndToEndTest_Motorcycle@22ef9844]" started-at="2022-01-25T14:25:45 IST" name="closeBrowser" finished-at="2022-01-25T14:25:46 IST" duration-ms="134" status="PASS">
          <reporter-output>
          </reporter-output>
        </test-method> <!-- closeBrowser -->
      </class> <!-- insuranceMotorcycle.EndToEndTest_Motorcycle -->
    </test> <!-- Default test -->
  </suite> <!-- Default suite -->
</testng-results>
